<?xml version="1.0" encoding="UTF-8"?>
<!-- Generated by org.testng.reporters.JUnitReportReporter -->
<testsuite hostname="Anik" failures="0" tests="1" name="RestAPI.HTTPpatchRequest" time="1.385" errors="0" timestamp="17 Feb 2020 13:30:29 GMT">
  <testcase classname="RestAPI.HTTPpatchRequest" name="patchRequestTest" time="1.385"/>
</testsuite> <!-- RestAPI.HTTPpatchRequest -->
