<?xml version="1.0" encoding="UTF-8"?>
<!-- Generated by org.testng.reporters.JUnitReportReporter -->
<testsuite hostname="Anik" failures="0" tests="1" name="RestAPI.checkBrokenLink" time="41.075" errors="0" timestamp="9 Mar 2020 13:34:59 GMT">
  <testcase classname="RestAPI.checkBrokenLink" name="checkBrokenLinkTest" time="41.075"/>
</testsuite> <!-- RestAPI.checkBrokenLink -->
