<?xml version="1.0" encoding="UTF-8"?>
<!-- Generated by org.testng.reporters.JUnitReportReporter -->
<testsuite hostname="Anik" failures="0" tests="1" name="RestAPI.HTTPpostRequest" time="1.714" errors="0" timestamp="17 Feb 2020 13:20:45 GMT">
  <testcase classname="RestAPI.HTTPpostRequest" name="postRequestTest" time="1.714"/>
</testsuite> <!-- RestAPI.HTTPpostRequest -->
