<?xml version="1.0" encoding="UTF-8"?>
<!-- Generated by org.testng.reporters.JUnitReportReporter -->
<testsuite hostname="Anik" failures="0" tests="1" name="RestAPI.HTTPputRequest" time="1.392" errors="0" timestamp="17 Feb 2020 13:26:40 GMT">
  <testcase classname="RestAPI.HTTPputRequest" name="putRequestTest" time="1.392"/>
</testsuite> <!-- RestAPI.HTTPputRequest -->
