<?xml version="1.0" encoding="UTF-8"?>
<!-- Generated by org.testng.reporters.JUnitReportReporter -->
<testsuite hostname="Anik" failures="0" tests="1" name="RestAPI.JsonPathUse" time="2.074" errors="0" timestamp="17 Feb 2020 14:15:31 GMT">
  <testcase classname="RestAPI.JsonPathUse" name="jsonPathWeather" time="2.074"/>
</testsuite> <!-- RestAPI.JsonPathUse -->
