<?xml version="1.0" encoding="UTF-8"?>
<!-- Generated by org.testng.reporters.JUnitReportReporter -->
<testsuite hostname="Anik" failures="0" tests="3" name="RestAPI.getAllEmployeesInfo" time="0.054" errors="0" timestamp="24 Feb 2020 12:10:37 GMT">
  <testcase classname="RestAPI.getAllEmployeesInfo" name="checkStatusCode" time="0.007"/>
  <testcase classname="RestAPI.getAllEmployeesInfo" name="checkResponseBody" time="0.041"/>
  <testcase classname="RestAPI.getAllEmployeesInfo" name="checkStatusLine" time="0.006"/>
</testsuite> <!-- RestAPI.getAllEmployeesInfo -->
