<?xml version="1.0" encoding="UTF-8"?>
<!-- Generated by org.testng.reporters.JUnitReportReporter -->
<testsuite hostname="Anik" failures="0" tests="1" name="RestAPI.VerifyDownloadFile" time="12.845" errors="0" timestamp="30 Mar 2020 13:01:19 GMT">
  <testcase classname="RestAPI.VerifyDownloadFile" name="verifyFileDownload" time="12.845"/>
</testsuite> <!-- RestAPI.VerifyDownloadFile -->
