<?xml version="1.0" encoding="UTF-8"?>
<!-- Generated by org.testng.reporters.JUnitReportReporter -->
<testsuite hostname="Anik" failures="0" tests="1" name="googleAPI.ExtractJSONfromResponse" time="1.700" errors="0" timestamp="30 Mar 2020 12:24:44 GMT">
  <testcase classname="googleAPI.ExtractJSONfromResponse" name="ExtractJSON" time="1.700"/>
</testsuite> <!-- googleAPI.ExtractJSONfromResponse -->
