<?xml version="1.0" encoding="UTF-8"?>
<!-- Generated by org.testng.reporters.JUnitReportReporter -->
<testsuite hostname="Anik" failures="0" tests="1" name="RestAPI.HTTPgetRequest" time="6.373" errors="0" timestamp="17 Feb 2020 04:10:05 GMT">
  <testcase classname="RestAPI.HTTPgetRequest" name="getWeatherRequestTest" time="6.373"/>
</testsuite> <!-- RestAPI.HTTPgetRequest -->
